refinery     /                         Refinery::Core::Engine
  lookup GET /refinery/pages(.:format) refinery/pages#lookup

Routes for Refinery::Core::Engine:
                       social_media_posts_social_media_posts GET    /social_media_posts(.:format)                           refinery/social_media_posts/social_media_posts#index
                        social_media_posts_social_media_post GET    /social_media_posts/:id(.:format)                       refinery/social_media_posts/social_media_posts#show
update_positions_social_media_posts_admin_social_media_posts POST   /refinery/social_media_posts/update_positions(.:format) refinery/social_media_posts/admin/social_media_posts#update_positions
                 social_media_posts_admin_social_media_posts GET    /refinery/social_media_posts(.:format)                  refinery/social_media_posts/admin/social_media_posts#index
                                                             POST   /refinery/social_media_posts(.:format)                  refinery/social_media_posts/admin/social_media_posts#create
              new_social_media_posts_admin_social_media_post GET    /refinery/social_media_posts/new(.:format)              refinery/social_media_posts/admin/social_media_posts#new
             edit_social_media_posts_admin_social_media_post GET    /refinery/social_media_posts/:id/edit(.:format)         refinery/social_media_posts/admin/social_media_posts#edit
                  social_media_posts_admin_social_media_post PUT    /refinery/social_media_posts/:id(.:format)              refinery/social_media_posts/admin/social_media_posts#update
                                                             DELETE /refinery/social_media_posts/:id(.:format)              refinery/social_media_posts/admin/social_media_posts#destroy
                                         web_users_web_users GET    /web_users(.:format)                                    refinery/web_users/web_users#index
                                          web_users_web_user GET    /web_users/:id(.:format)                                refinery/web_users/web_users#show
                  update_positions_web_users_admin_web_users POST   /refinery/web_users/update_positions(.:format)          refinery/web_users/admin/web_users#update_positions
                                   web_users_admin_web_users GET    /refinery/web_users(.:format)                           refinery/web_users/admin/web_users#index
                                                             POST   /refinery/web_users(.:format)                           refinery/web_users/admin/web_users#create
                                new_web_users_admin_web_user GET    /refinery/web_users/new(.:format)                       refinery/web_users/admin/web_users#new
                               edit_web_users_admin_web_user GET    /refinery/web_users/:id/edit(.:format)                  refinery/web_users/admin/web_users#edit
                                    web_users_admin_web_user PUT    /refinery/web_users/:id(.:format)                       refinery/web_users/admin/web_users#update
                                                             DELETE /refinery/web_users/:id(.:format)                       refinery/web_users/admin/web_users#destroy
                                                      search        /search(.:format)                                       refinery/search#show
                                                        root GET    /                                                       refinery/pages#home
                                                        page GET    /pages/:id(.:format)                                    refinery/pages#show
                                   pages_admin_preview_pages POST   /refinery/pages/preview(.:format)                       refinery/pages/admin/preview#show
                                    pages_admin_preview_page PUT    /refinery/pages/preview/*path(.:format)                 refinery/pages/admin/preview#show
                                                       admin GET    /refinery/pages/*path/edit(.:format)                    refinery/admin/pages#edit
                                        admin_children_pages GET    /refinery/pages/*path/children(.:format)                refinery/admin/pages#children
                                                             PUT    /refinery/pages/*path(.:format)                         refinery/admin/pages#update
                                                             DELETE /refinery/pages/*path(.:format)                         refinery/admin/pages#destroy
                                update_positions_admin_pages POST   /refinery/pages/update_positions(.:format)              refinery/admin/pages#update_positions
                                                 admin_pages GET    /refinery/pages(.:format)                               refinery/admin/pages#index
                                                             POST   /refinery/pages(.:format)                               refinery/admin/pages#create
                                              new_admin_page GET    /refinery/pages/new(.:format)                           refinery/admin/pages#new
                                             edit_admin_page GET    /refinery/pages/:id/edit(.:format)                      refinery/admin/pages#edit
                                                  admin_page PUT    /refinery/pages/:id(.:format)                           refinery/admin/pages#update
                                                             DELETE /refinery/pages/:id(.:format)                           refinery/admin/pages#destroy
                                 link_to_admin_pages_dialogs GET    /refinery/pages_dialogs/link_to(.:format)               refinery/admin/pages_dialogs#link_to
                                            admin_page_parts POST   /refinery/page_parts(.:format)                          refinery/admin/page_parts#create
                                         new_admin_page_part GET    /refinery/page_parts/new(.:format)                      refinery/admin/page_parts#new
                                             admin_page_part DELETE /refinery/page_parts/:id(.:format)                      refinery/admin/page_parts#destroy
                                                             GET    /system/resources/*dragonfly(.:format)                  <Dragonfly::App name=:refinery_resources >
                                      insert_admin_resources GET    /refinery/resources/insert(.:format)                    refinery/admin/resources#insert
                                             admin_resources GET    /refinery/resources(.:format)                           refinery/admin/resources#index
                                                             POST   /refinery/resources(.:format)                           refinery/admin/resources#create
                                          new_admin_resource GET    /refinery/resources/new(.:format)                       refinery/admin/resources#new
                                         edit_admin_resource GET    /refinery/resources/:id/edit(.:format)                  refinery/admin/resources#edit
                                              admin_resource PUT    /refinery/resources/:id(.:format)                       refinery/admin/resources#update
                                                             DELETE /refinery/resources/:id(.:format)                       refinery/admin/resources#destroy
                                                             GET    /system/images/*dragonfly(.:format)                     <Dragonfly::App name=:refinery_images >
                                         insert_admin_images GET    /refinery/images/insert(.:format)                       refinery/admin/images#insert
                                                admin_images GET    /refinery/images(.:format)                              refinery/admin/images#index
                                                             POST   /refinery/images(.:format)                              refinery/admin/images#create
                                             new_admin_image GET    /refinery/images/new(.:format)                          refinery/admin/images#new
                                            edit_admin_image GET    /refinery/images/:id/edit(.:format)                     refinery/admin/images#edit
                                                 admin_image PUT    /refinery/images/:id(.:format)                          refinery/admin/images#update
                                                             DELETE /refinery/images/:id(.:format)                          refinery/admin/images#destroy
                                             admin_dashboard GET    /refinery/dashboard(.:format)                           refinery/admin/dashboard#index
                                   new_refinery_user_session GET    /refinery/users/login(.:format)                         refinery/sessions#new
                                       refinery_user_session POST   /refinery/users/login(.:format)                         refinery/sessions#create
                               destroy_refinery_user_session DELETE /refinery/users/logout(.:format)                        refinery/sessions#destroy
                                      refinery_user_password POST   /refinery/users/password(.:format)                      refinery/passwords#create
                                  new_refinery_user_password GET    /refinery/users/password/new(.:format)                  refinery/passwords#new
                                 edit_refinery_user_password GET    /refinery/users/password/edit(.:format)                 refinery/passwords#edit
                                                             PUT    /refinery/users/password(.:format)                      refinery/passwords#update
                                                       login GET    /refinery/login(.:format)                               refinery/sessions#new
                                                      logout GET    /refinery/logout(.:format)                              refinery/sessions#destroy
                                                      signup GET    /refinery/users/register(.:format)                      refinery/users#new
                                                      signup POST   /refinery/users/register(.:format)                      refinery/users#create
                                                 admin_users GET    /refinery/users(.:format)                               refinery/admin/users#index
                                                             POST   /refinery/users(.:format)                               refinery/admin/users#create
                                              new_admin_user GET    /refinery/users/new(.:format)                           refinery/admin/users#new
                                             edit_admin_user GET    /refinery/users/:id/edit(.:format)                      refinery/admin/users#edit
                                                  admin_user PUT    /refinery/users/:id(.:format)                           refinery/admin/users#update
                                                             DELETE /refinery/users/:id(.:format)                           refinery/admin/users#destroy
                                                   wymiframe GET    /wymiframe(/:id)(.:format)                              refinery/fast#wymiframe
                                                     message GET    /refinery/message(.:format)                             refinery/fast#message
                                                  admin_root        /refinery(.:format)                                     refinery/admin/dashboard#index
                                               admin_dialogs GET    /refinery/dialogs(.:format)                             refinery/admin/dialogs#index
                                                admin_dialog GET    /refinery/dialogs/:id(.:format)                         refinery/admin/dialogs#show
                              refinery_update_menu_positions POST   /refinery/update_menu_positions(.:format)               refinery/admin/core#update_plugin_positions
                                                             GET    /sitemap.xml(.:format)                                  refinery/sitemap#index {:format=>"xml"}
                                                             GET    /refinery/*path(.:format)                               refinery/admin#error_404
                                             marketable_page GET    /*path(.:format)                                        refinery/pages#show
